<?xml version="1.0" encoding="UTF-8"?>
<!-- Generated by org.testng.reporters.JUnitXMLReporter -->
<testsuite ignored="0" hostname="SEIODC741" failures="1" tests="13" name="Test" time="56.889" errors="0" timestamp="2020-04-16T17:22:39 IST">
  <testcase classname="com.test.Concept" name="testgoogletitle" time="0.018"/>
  <testcase classname="com.test.Concept" name="testgoogletitle2" time="0.004"/>
  <testcase classname="com.test.GoogleTest" name="googleTestTitleTest" time="0.012"/>
  <testcase classname="com.test.GoogleTest" name="mailLinkTest" time="0.076"/>
  <testcase classname="com.test.GoogleTest" name="googleLogoTest" time="0.063"/>
  <testcase classname="com.test.TestNGFeatures" name="loginTest" time="0.004"/>
  <testcase classname="com.test.TestNGFeatures" name="homePageTest" time="0.001"/>
  <testcase classname="com.test.ExceptionTimeoutTest" name="Test2" time="0.001"/>
  <testcase classname="com.test.ExceptionTimeoutTest" name="infiniteLoopTest" time="1.011">
    <failure type="org.testng.internal.thread.ThreadTimeoutException" message="Method com.test.ExceptionTimeoutTest.infiniteLoopTest() didn&amp;apos;t finish within the time-out 1000">
      <![CDATA[org.testng.internal.thread.ThreadTimeoutException: Method com.test.ExceptionTimeoutTest.infiniteLoopTest() didn't finish within the time-out 1000
at java.base/java.util.ArrayList.forEach(ArrayList.java:1510)
... Removed 24 stack frames]]>
    </failure>
  </testcase> <!-- infiniteLoopTest -->
  <testcase classname="com.test.AssertExample" name="googleTestTitleTest" time="0.159"/>
  <testcase classname="com.test.InvocationTestCountConcept" name="add" time="0.006"/>
  <testcase classname="com.test.InvocationTestCountConcept" name="add" time="0.027"/>
  <testcase classname="com.test.InvocationTestCountConcept" name="add" time="0.044"/>
</testsuite> <!-- Test -->
